<testsuites id="" name="" tests="1" failures="0" skipped="0" errors="0" time="0.51">
<testsuite name="register.spec.ts" timestamp="1643120355355" hostname="" tests="1" failures="0" skipped="0" time="0.005" errors="0">
<testcase name="test case 1" classname="register.spec.ts:3:1 â€º test case 1" time="0.005">
</testcase>
</testsuite>
</testsuites>